2026-02-24 15:17:02 - INFO - ======================================================================
2026-02-24 15:17:02 - INFO - MALICIOUS CONTENT DETECTION - MODEL TRAINING
2026-02-24 15:17:02 - INFO - ======================================================================
2026-02-24 15:17:02 - INFO - Available system memory: 6.4 GB
2026-02-24 15:17:02 - INFO - Random seed: 42
2026-02-24 15:17:02 - INFO - Loading dataset from HuggingFace (guychuk/benign-malicious-prompt-classification)...
'[SSL: CERTIFICATE_VERIFY_FAILED] certificate verify failed: self-signed certificate in certificate chain (_ssl.c:1081)' thrown while requesting HEAD https://huggingface.co/datasets/guychuk/benign-malicious-prompt-classification/resolve/e13090643e6f018c4db239d82463a4fd9649d77c/benign-malicious-prompt-classification.py
2026-02-24 15:17:02 - WARNING - '[SSL: CERTIFICATE_VERIFY_FAILED] certificate verify failed: self-signed certificate in certificate chain (_ssl.c:1081)' thrown while requesting HEAD https://huggingface.co/datasets/guychuk/benign-malicious-prompt-classification/resolve/e13090643e6f018c4db239d82463a4fd9649d77c/benign-malicious-prompt-classification.py
Retrying in 1s [Retry 1/5].
2026-02-24 15:17:02 - WARNING - Retrying in 1s [Retry 1/5].
Using the latest cached version of the dataset since guychuk/benign-malicious-prompt-classification couldn't be found on the Hugging Face Hub
2026-02-24 15:17:03 - WARNING - Using the latest cached version of the dataset since guychuk/benign-malicious-prompt-classification couldn't be found on the Hugging Face Hub
Found the latest cached dataset configuration 'default' at /Users/junwenleong/.cache/huggingface/datasets/guychuk___benign-malicious-prompt-classification/default/0.0.0/e13090643e6f018c4db239d82463a4fd9649d77c (last modified on Mon Jan 26 14:09:17 2026).
2026-02-24 15:17:03 - WARNING - Found the latest cached dataset configuration 'default' at /Users/junwenleong/.cache/huggingface/datasets/guychuk___benign-malicious-prompt-classification/default/0.0.0/e13090643e6f018c4db239d82463a4fd9649d77c (last modified on Mon Jan 26 14:09:17 2026).
2026-02-24 15:17:03 - INFO - Loaded 464470 samples
2026-02-24 15:17:03 - WARNING - ⚠️  SUBSAMPLING: Using 100000 samples (21.5%) to reduce memory usage
2026-02-24 15:17:04 - INFO - Subsampled to 100000 samples
2026-02-24 15:17:04 - INFO - Class distribution: {1: 0.50752, 0: 0.49248}
2026-02-24 15:17:04 - INFO - Split sizes - Train: 70000, Val: 15000, Test: 15000
2026-02-24 15:17:04 - INFO - Preprocessing text data...
2026-02-24 15:17:04 - INFO - Train distribution: [34474 35526] (0=Benign, 1=Malicious)
2026-02-24 15:17:04 - INFO - Val distribution: [7387 7613]
2026-02-24 15:17:04 - INFO - ======================================================================
2026-02-24 15:17:04 - INFO - GRID SEARCH HYPERPARAMETER TUNING
2026-02-24 15:17:04 - INFO - ======================================================================
2026-02-24 15:17:04 - INFO - ⚡ QUICK MODE: Using reduced parameter grid
2026-02-24 15:17:04 - INFO - Parameter combinations: 1 × 5-fold CV = 5 model fits
2026-02-24 15:17:04 - INFO - Estimated peak memory usage: ~52.2 GB
2026-02-24 15:17:04 - INFO - This may take several minutes to hours depending on hardware...
2026-02-24 15:17:04 - INFO - Starting GridSearchCV...
2026-02-24 15:18:00 - INFO - GridSearchCV completed in 0:00:55
2026-02-24 15:18:00 - INFO - Best parameters: {'lr__C': 10, 'lr__solver': 'lbfgs', 'tfidf__max_df': 1.0, 'tfidf__max_features': 20000, 'tfidf__min_df': 5, 'tfidf__ngram_range': (1, 2)}
2026-02-24 15:18:00 - INFO - Best cross-validation score: 0.9999
2026-02-24 15:18:00 - INFO - Evaluating raw model on validation set...
2026-02-24 15:18:01 - INFO - Validation ROC AUC (raw model): 1.0000
2026-02-24 15:18:01 - INFO - Validation evaluation took: 1.30 seconds
2026-02-24 15:18:01 - INFO - ======================================================================
2026-02-24 15:18:01 - INFO - MODEL CALIBRATION
2026-02-24 15:18:01 - INFO - ======================================================================
2026-02-24 15:18:01 - INFO - Fitting calibration on training data (5-fold CV)...
2026-02-24 15:18:49 - INFO - Calibration fitted successfully in 47.63 seconds
2026-02-24 15:18:55 - INFO - Validation ROC AUC (calibrated): 1.0000
2026-02-24 15:18:55 - INFO - Validation calibration error (MAE): 0.1085
2026-02-24 15:18:55 - INFO - ======================================================================
2026-02-24 15:18:55 - INFO - TEST SET EVALUATION
2026-02-24 15:18:55 - INFO - ======================================================================
2026-02-24 15:19:01 - INFO - Test ROC AUC (calibrated): 0.9998
2026-02-24 15:19:01 - INFO - Test calibration error (MAE): 0.0621
2026-02-24 15:19:01 - INFO - ✓ Calibration generalizes well to test data
2026-02-24 15:19:01 - INFO - ======================================================================
2026-02-24 15:19:01 - INFO - THRESHOLD SELECTION FOR DEPLOYMENT
2026-02-24 15:19:01 - INFO - ======================================================================
2026-02-24 15:19:01 - INFO - Using calibrated probabilities from validation set...
2026-02-24 15:19:01 - INFO - Optimal threshold: 0.4157
2026-02-24 15:19:01 - INFO - F1 Score: 0.9990
2026-02-24 15:19:01 - INFO - Precision: 0.9997
2026-02-24 15:19:01 - INFO - Recall: 0.9983
2026-02-24 15:19:01 - INFO - ROC AUC: 1.0000
2026-02-24 15:19:01 - INFO - ======================================================================
2026-02-24 15:19:01 - INFO - F-BETA ANALYSIS (Validation Set)
2026-02-24 15:19:01 - INFO - ======================================================================
2026-02-24 15:19:02 - INFO -   F0.5: threshold = 0.470, score = 1.000
2026-02-24 15:19:02 - INFO -   F1.0: threshold = 0.390, score = 0.999
2026-02-24 15:19:02 - INFO -   F2.0: threshold = 0.150, score = 0.999
2026-02-24 15:19:02 - INFO - F1-optimized threshold from validation: 0.390
2026-02-24 15:19:02 - INFO - PR-curve selected threshold: 0.416
2026-02-24 15:19:02 - INFO - --------------------------------------------------
2026-02-24 15:19:02 - INFO - FINAL PERFORMANCE ON TEST SET
2026-02-24 15:19:02 - INFO - --------------------------------------------------
2026-02-24 15:19:02 - INFO - Confusion Matrix:
[[7386    1]
 [  17 7596]]
2026-02-24 15:19:02 - INFO - Classification Report:
               precision    recall  f1-score   support

   benign (0)       1.00      1.00      1.00      7387
malicious (1)       1.00      1.00      1.00      7613

     accuracy                           1.00     15000
    macro avg       1.00      1.00      1.00     15000
 weighted avg       1.00      1.00      1.00     15000

2026-02-24 15:19:02 - INFO - F0.5 (precision-focused) (threshold=0.470): P=1.000 R=0.998 F1=0.999
2026-02-24 15:19:02 - INFO - F1 (balanced) (threshold=0.390): P=1.000 R=0.998 F1=0.999
2026-02-24 15:19:02 - INFO - F2 (recall-focused) (threshold=0.150): P=0.998 R=0.999 F1=0.998
2026-02-24 15:19:02 - INFO - PR-curve selected (threshold=0.416): P=1.000 R=0.998 F1=0.999
2026-02-24 15:19:02 - INFO - Saving model artifacts to models/...
2026-02-24 15:19:03 - INFO - Saved model to: models/malicious_content_detector_calibrated.pkl
2026-02-24 15:19:03 - INFO - Saved config to: models/malicious_content_detector_config.pkl
2026-02-24 15:19:03 - INFO - ======================================================================
2026-02-24 15:19:03 - INFO - TRAINING COMPLETED SUCCESSFULLY in 0:02:01
2026-02-24 15:19:03 - INFO - ======================================================================
Fitting 5 folds for each of 1 candidates, totalling 5 fits
